<?xml version="1.0" encoding="UTF-8"?>
<!-- Generated by org.testng.reporters.JUnitXMLReporter -->
<testsuite hostname="dell-PC" ignored="0" name="Test" tests="4" failures="0" timestamp="12 Apr 2021 13:38:29 GMT" time="18.474" errors="0">
  <testcase name="findFlight" time="1.72" classname="org.blazemainprogram.ReportBlaze"/>
  <testcase name="chooseTheFlight" time="1.012" classname="org.blazemainprogram.ReportBlaze"/>
  <testcase name="details" time="4.728" classname="org.blazemainprogram.ReportBlaze"/>
  <testcase name="id" time="2.047" classname="org.blazemainprogram.ReportBlaze"/>
</testsuite> <!-- Test -->
